  ____                  _            
 / ___|  ___ ___  _   _| |_ ___ _ __ 
 \___ \ / __/   \| | | | __/ _ \ '__|
  ___) | (_| (+) | |_| | ||  __/ |   
 |____/ \___\___/ \__,_|\__\___|_|                                      
 Open Source S/W Performance Monitoring  
 Scouter version 2.6.2
 
WARNING: An illegal reflective access operation has occurred
WARNING: Illegal reflective access by com.sun.xml.bind.v2.runtime.reflect.opt.Injector (file:/Users/addpage/Dev/quick-starters/performance-monitoring/scouter/demo/demo-env/scouter/server/./lib/jaxb-impl-2.3.0.1.jar) to method java.lang.ClassLoader.defineClass(java.lang.String,byte[],int,int)
WARNING: Please consider reporting this to the maintainers of com.sun.xml.bind.v2.runtime.reflect.opt.Injector
WARNING: Use --illegal-access=warn to enable warnings of further illegal reflective access operations
WARNING: All illegal access operations will be denied in a future release
System JRE version : 11.0.12
19:52:39,157 |-INFO in ch.qos.logback.classic.LoggerContext[default] - Could NOT find resource [logback-test.xml]
19:52:39,157 |-INFO in ch.qos.logback.classic.LoggerContext[default] - Could NOT find resource [logback.groovy]
19:52:39,157 |-INFO in ch.qos.logback.classic.LoggerContext[default] - Found resource [logback.xml] at [jar:file:/Users/addpage/Dev/quick-starters/performance-monitoring/scouter/demo/demo-env/scouter/server/./lib/scouter-webapp-2.6.2.jar!/logback.xml]
19:52:39,167 |-INFO in ch.qos.logback.core.joran.spi.ConfigurationWatchList@6c0fddc7 - URL [jar:file:/Users/addpage/Dev/quick-starters/performance-monitoring/scouter/demo/demo-env/scouter/server/./lib/scouter-webapp-2.6.2.jar!/logback.xml] is not of type file
19:52:39,189 |-INFO in ch.qos.logback.classic.joran.action.ConfigurationAction - debug attribute not set
19:52:39,190 |-INFO in ch.qos.logback.core.joran.action.AppenderAction - About to instantiate appender of type [ch.qos.logback.core.ConsoleAppender]
19:52:39,194 |-INFO in ch.qos.logback.core.joran.action.AppenderAction - Naming appender as [STDOUT]
19:52:39,198 |-INFO in ch.qos.logback.core.joran.action.NestedComplexPropertyIA - Assuming default type [ch.qos.logback.classic.encoder.PatternLayoutEncoder] for [encoder] property
19:52:39,214 |-INFO in ch.qos.logback.core.joran.action.AppenderAction - About to instantiate appender of type [ch.qos.logback.core.rolling.RollingFileAppender]
19:52:39,217 |-INFO in ch.qos.logback.core.joran.action.AppenderAction - Naming appender as [FILE_DAILY]
19:52:39,232 |-INFO in c.q.l.core.rolling.TimeBasedRollingPolicy@2100849296 - No compression will be used
19:52:39,234 |-INFO in c.q.l.core.rolling.TimeBasedRollingPolicy@2100849296 - Will use the pattern ./logs/webapp-%d{yyyy_MM_dd}.log for the active file
19:52:39,236 |-INFO in c.q.l.core.rolling.DefaultTimeBasedFileNamingAndTriggeringPolicy - The date pattern is 'yyyy_MM_dd' from file name pattern './logs/webapp-%d{yyyy_MM_dd}.log'.
19:52:39,236 |-INFO in c.q.l.core.rolling.DefaultTimeBasedFileNamingAndTriggeringPolicy - Roll-over at midnight.
19:52:39,246 |-INFO in c.q.l.core.rolling.DefaultTimeBasedFileNamingAndTriggeringPolicy - Setting initial period to Tue Oct 26 19:52:39 KST 2021
19:52:39,246 |-INFO in ch.qos.logback.core.joran.action.NestedComplexPropertyIA - Assuming default type [ch.qos.logback.classic.encoder.PatternLayoutEncoder] for [encoder] property
19:52:39,247 |-INFO in ch.qos.logback.core.rolling.RollingFileAppender[FILE_DAILY] - Active log file name: ./logs/webapp-2021_10_26.log
19:52:39,247 |-INFO in ch.qos.logback.core.rolling.RollingFileAppender[FILE_DAILY] - File property is set to [null]
19:52:39,248 |-INFO in ch.qos.logback.core.joran.action.AppenderAction - About to instantiate appender of type [ch.qos.logback.core.rolling.RollingFileAppender]
19:52:39,248 |-INFO in ch.qos.logback.core.joran.action.AppenderAction - Naming appender as [FILE_SIZE]
19:52:39,249 |-INFO in ch.qos.logback.core.rolling.FixedWindowRollingPolicy@750f5dd6 - No compression will be used
19:52:39,251 |-INFO in ch.qos.logback.core.joran.action.NestedComplexPropertyIA - Assuming default type [ch.qos.logback.classic.encoder.PatternLayoutEncoder] for [encoder] property
19:52:39,251 |-INFO in ch.qos.logback.core.rolling.RollingFileAppender[FILE_SIZE] - Active log file name: ./logs/webapp.log
19:52:39,251 |-INFO in ch.qos.logback.core.rolling.RollingFileAppender[FILE_SIZE] - File property is set to [./logs/webapp.log]
19:52:39,251 |-INFO in ch.qos.logback.core.joran.action.AppenderAction - About to instantiate appender of type [ch.qos.logback.core.rolling.RollingFileAppender]
19:52:39,251 |-INFO in ch.qos.logback.core.joran.action.AppenderAction - Naming appender as [FILE_SIZE_DAILY]
19:52:39,254 |-INFO in c.q.l.core.rolling.TimeBasedRollingPolicy@357813354 - No compression will be used
19:52:39,254 |-INFO in c.q.l.core.rolling.TimeBasedRollingPolicy@357813354 - Will use the pattern ./logs/webapp-%d{yyyy_MM_dd}-%i.log for the active file
19:52:39,254 |-INFO in ch.qos.logback.core.rolling.SizeAndTimeBasedFNATP@7a0dae2 - The date pattern is 'yyyy_MM_dd' from file name pattern './logs/webapp-%d{yyyy_MM_dd}-%i.log'.
19:52:39,254 |-INFO in ch.qos.logback.core.rolling.SizeAndTimeBasedFNATP@7a0dae2 - Roll-over at midnight.
19:52:39,255 |-INFO in ch.qos.logback.core.rolling.SizeAndTimeBasedFNATP@7a0dae2 - Setting initial period to Tue Oct 26 19:52:39 KST 2021
19:52:39,255 |-WARN in ch.qos.logback.core.rolling.SizeAndTimeBasedFNATP@7a0dae2 - SizeAndTimeBasedFNATP is deprecated. Use SizeAndTimeBasedRollingPolicy instead
19:52:39,255 |-WARN in ch.qos.logback.core.rolling.SizeAndTimeBasedFNATP@7a0dae2 - For more information see http://logback.qos.ch/manual/appenders.html#SizeAndTimeBasedRollingPolicy
19:52:39,257 |-INFO in ch.qos.logback.core.joran.action.NestedComplexPropertyIA - Assuming default type [ch.qos.logback.classic.encoder.PatternLayoutEncoder] for [encoder] property
19:52:39,258 |-INFO in ch.qos.logback.core.rolling.RollingFileAppender[FILE_SIZE_DAILY] - Active log file name: ./logs/webapp-2021_10_26-0.log
19:52:39,258 |-INFO in ch.qos.logback.core.rolling.RollingFileAppender[FILE_SIZE_DAILY] - File property is set to [null]
19:52:39,258 |-INFO in ch.qos.logback.classic.joran.action.RootLoggerAction - Setting level of ROOT logger to INFO
19:52:39,258 |-INFO in ch.qos.logback.core.joran.action.AppenderRefAction - Attaching appender named [STDOUT] to Logger[ROOT]
19:52:39,258 |-INFO in ch.qos.logback.core.joran.action.AppenderRefAction - Attaching appender named [FILE_DAILY] to Logger[ROOT]
19:52:39,258 |-INFO in ch.qos.logback.classic.joran.action.ConfigurationAction - End of configuration.
19:52:39,259 |-INFO in ch.qos.logback.classic.joran.JoranConfigurator@39f24c6c - Registering current configuration as safe fallback point

 19:52:39.267 [scouter.server.http.HttpServer]  INFO  org.eclipse.jetty.util.log[192] - Logging initialized @1454ms to org.eclipse.jetty.util.log.Slf4jLog
 19:52:39.311 [scouter.server.http.HttpServer]  INFO  scouterx.webapp.main.WebAppMain[270] - scouter webapp starting! Run-Mode:Embedded
 19:52:39.330 [scouter.server.http.HttpServer]  INFO  s.w.framework.client.net.TcpProxy[58] - TcpProxy created : pool-size:0, scouterx.webapp.framework.client.net.TcpProxy@434b5826
 19:52:39.334 [scouter.server.http.HttpServer]  INFO  s.w.framework.client.net.ClientTCP[62] - Connected scouterx.webapp.framework.client.net.ClientTCP@6c9dc3e7 to 127.0.0.1:6100
 19:52:39.349 [scouter.server.http.HttpServer]  INFO  s.w.framework.client.net.TcpProxy[110] - TcpProxy closed : pool-size:0, scouterx.webapp.framework.client.net.TcpProxy@434b5826, stack:
 19:52:39.351 [scouter.server.http.HttpServer]  INFO  s.w.framework.client.net.TcpProxy[58] - TcpProxy created : pool-size:0, scouterx.webapp.framework.client.net.TcpProxy@7660816f
 19:52:39.351 [scouter.server.http.HttpServer]  INFO  s.w.framework.client.net.TcpProxy[58] - TcpProxy created : pool-size:1, scouterx.webapp.framework.client.net.TcpProxy@34195104
 19:52:39.351 [scouter.server.http.HttpServer]  INFO  s.w.framework.client.net.TcpProxy[58] - TcpProxy created : pool-size:2, scouterx.webapp.framework.client.net.TcpProxy@7eb8c74e
 19:52:39.351 [scouter.server.http.HttpServer]  INFO  s.w.framework.client.net.TcpProxy[58] - TcpProxy created : pool-size:3, scouterx.webapp.framework.client.net.TcpProxy@350dffd8
 19:52:39.351 [scouter.server.http.HttpServer]  INFO  s.w.framework.client.net.TcpProxy[58] - TcpProxy created : pool-size:4, scouterx.webapp.framework.client.net.TcpProxy@47946bef
 19:52:39.351 [scouter.server.http.HttpServer]  INFO  s.w.framework.client.net.TcpProxy[58] - TcpProxy created : pool-size:5, scouterx.webapp.framework.client.net.TcpProxy@397b9368
 19:52:39.353 [scouter.server.http.HttpServer]  INFO  s.w.framework.client.net.ClientTCP[62] - Connected scouterx.webapp.framework.client.net.ClientTCP@56021c04 to 127.0.0.1:6100
 19:52:39.359 [scouter.server.http.HttpServer]  INFO  scouterx.webapp.main.WebAppMain[223] - Successfully log in to 127.0.0.1:6100
 19:52:39.361 [scouterx.webapp.framework.client.model.AgentModelThread]  INFO  s.w.framework.client.net.ClientTCP[62] - Connected scouterx.webapp.framework.client.net.ClientTCP@7d9ac822 to 127.0.0.1:6100
 19:52:39.367 [scouterx.webapp.framework.client.model.AgentModelThread]  INFO  s.w.framework.client.net.ClientTCP[62] - Connected scouterx.webapp.framework.client.net.ClientTCP@7762a352 to 127.0.0.1:6100
 19:52:39.464 [scouter.server.http.HttpServer]  INFO  org.eclipse.jetty.server.Server[372] - jetty-9.4.6.v20170531
 19:52:39.493 [scouter.server.http.HttpServer]  INFO  o.e.j.server.AbstractNCSARequestLog[230] - Opened /Users/addpage/Dev/quick-starters/performance-monitoring/scouter/demo/demo-env/scouter/server/logs/http-request-2021_10_26.log
 19:52:39.499 [scouter.server.http.HttpServer]  INFO  org.eclipse.jetty.server.session[364] - DefaultSessionIdManager workerName=node0
 19:52:39.500 [scouter.server.http.HttpServer]  INFO  org.eclipse.jetty.server.session[369] - No SessionScavenger set, using defaults
 19:52:39.502 [scouter.server.http.HttpServer]  INFO  org.eclipse.jetty.server.session[149] - Scavenging every 660000ms
 19:52:40.171 [scouter.server.http.HttpServer]  INFO  o.h.validator.internal.util.Version[27] - HV000001: Hibernate Validator 5.1.3.Final
 19:52:40.317 [XLogThread-127.0.0.1:6100-0]  INFO  s.w.framework.client.net.ClientTCP[62] - Connected scouterx.webapp.framework.client.net.ClientTCP@8a844d3 to 127.0.0.1:6100
 19:52:40.570 [scouter.server.http.HttpServer]  INFO  org.reflections.Reflections[232] - Reflections took 55 ms to scan 1 urls, producing 285 keys and 389 values 
 19:52:40.824 [scouter.server.http.HttpServer]  INFO  o.e.j.server.handler.ContextHandler[788] - Started o.e.j.s.ServletContextHandler@1e2af53{/,null,AVAILABLE}
 19:52:40.849 [scouter.server.http.HttpServer]  INFO  o.e.jetty.server.AbstractConnector[280] - Started ServerConnector@22ce2e3c{HTTP/1.1,[http/1.1]}{0.0.0.0:6180}
 19:52:40.850 [scouter.server.http.HttpServer]  INFO  org.eclipse.jetty.server.Server[444] - Started @3039ms
 19:52:41.317 [scouterx.webapp.framework.client.server.ServerManager]  INFO  s.w.framework.client.net.ClientTCP[62] - Connected scouterx.webapp.framework.client.net.ClientTCP@485a2edd to 127.0.0.1:6100
 19:52:41.321 [XLogThread-127.0.0.1:6100-0]  INFO  s.w.framework.client.net.ClientTCP[62] - Connected scouterx.webapp.framework.client.net.ClientTCP@3e8291be to 127.0.0.1:6100
